2026-04-21 20:54:37,051 - __main__ - INFO - 
2026-04-21 20:54:37,052 - __main__ - INFO - ==============================================
2026-04-21 20:54:37,052 - __main__ - INFO - Bot iniciado com sucesso
2026-04-21 20:54:37,052 - __main__ - INFO - Nome: ytdownloaderV
2026-04-21 20:54:37,052 - __main__ - INFO - Username: @ytdownloadervbot
2026-04-21 20:54:37,052 - __main__ - INFO - ID: 8117827875
2026-04-21 20:54:37,052 - __main__ - INFO - Status: aguardando mensagens no Telegram
2026-04-21 20:54:37,052 - __main__ - INFO - Modo: servidor local (http://localhost:8081)
2026-04-21 20:54:37,053 - __main__ - INFO - Upload limit configurado: 2.0 GB
2026-04-21 20:54:37,053 - __main__ - INFO - Arquivo de log: logs/bot.log
2026-04-21 20:54:37,053 - __main__ - INFO - Pressione Ctrl+C para encerrar
2026-04-21 20:54:37,053 - __main__ - INFO - ==============================================
2026-04-21 20:54:37,053 - __main__ - INFO - 
2026-04-21 20:54:58,887 - __main__ - INFO - [message_received] chat_id=2110937953 text=https://youtu.be/YY_hf0FOIcU
2026-04-21 20:55:07,499 - __main__ - INFO - [link_stored] chat_id=2110937953 url=https://youtu.be/YY_hf0FOIcU kind=single items=1 mp3_size=tamanho incerto mp4_size=1.4 GB
2026-04-21 20:55:10,516 - __main__ - INFO - [callback_received] chat_id=2110937953 action=dl:mp4:616
2026-04-21 20:55:10,816 - __main__ - INFO - [download_started] chat_id=2110937953 format=mp4 url=https://youtu.be/YY_hf0FOIcU
2026-04-21 20:55:10,816 - __main__ - INFO - [download_plan] chat_id=2110937953 format=mp4 estimated_size=1.4 GB quality=1080p
2026-04-21 20:57:29,189 - __main__ - INFO - [download_finished] chat_id=2110937953 format=mp4 title=CURSO DE SPRING para INICIANTES | Tutorial Completo de Java Spring artist=Fernanda Kipper | Dev quality=1920x1080 file=CURSO_DE_SPRING_para_INICIANTES_Tutorial_Completo_de_Java_Spring.mp4 size_mb=269.46
2026-04-21 20:57:29,189 - __main__ - INFO - [upload_started] chat_id=2110937953 media_type=video file=CURSO_DE_SPRING_para_INICIANTES_Tutorial_Completo_de_Java_Spring.mp4
2026-04-21 20:57:59,860 - __main__ - ERROR - Erro ao processar a escolha do chat 2110937953
Traceback (most recent call last):
  File "/home/vini/coding/python/telegram-video-downloader-bot/.venv/lib/python3.14/site-packages/urllib3/connectionpool.py", line 534, in _make_request
    response = conn.getresponse()
  File "/home/vini/coding/python/telegram-video-downloader-bot/.venv/lib/python3.14/site-packages/urllib3/connection.py", line 516, in getresponse
    httplib_response = super().getresponse()
  File "/usr/lib/python3.14/http/client.py", line 1450, in getresponse
    response.begin()
    ~~~~~~~~~~~~~~^^
  File "/usr/lib/python3.14/http/client.py", line 336, in begin
    version, status, reason = self._read_status()
                              ~~~~~~~~~~~~~~~~~^^
  File "/usr/lib/python3.14/http/client.py", line 297, in _read_status
    line = str(self.fp.readline(_MAXLINE + 1), "iso-8859-1")
               ~~~~~~~~~~~~~~~~^^^^^^^^^^^^^^
  File "/usr/lib/python3.14/socket.py", line 725, in readinto
    return self._sock.recv_into(b)
           ~~~~~~~~~~~~~~~~~~~~^^^
TimeoutError: timed out

The above exception was the direct cause of the following exception:

Traceback (most recent call last):
  File "/home/vini/coding/python/telegram-video-downloader-bot/.venv/lib/python3.14/site-packages/requests/adapters.py", line 667, in send
    resp = conn.urlopen(
        method=request.method,
    ...<9 lines>...
        chunked=chunked,
    )
  File "/home/vini/coding/python/telegram-video-downloader-bot/.venv/lib/python3.14/site-packages/urllib3/connectionpool.py", line 841, in urlopen
    retries = retries.increment(
        method, url, error=new_e, _pool=self, _stacktrace=sys.exc_info()[2]
    )
  File "/home/vini/coding/python/telegram-video-downloader-bot/.venv/lib/python3.14/site-packages/urllib3/util/retry.py", line 474, in increment
    raise reraise(type(error), error, _stacktrace)
          ~~~~~~~^^^^^^^^^^^^^^^^^^^^^^^^^^^^^^^^^
  File "/home/vini/coding/python/telegram-video-downloader-bot/.venv/lib/python3.14/site-packages/urllib3/util/util.py", line 39, in reraise
    raise value
  File "/home/vini/coding/python/telegram-video-downloader-bot/.venv/lib/python3.14/site-packages/urllib3/connectionpool.py", line 787, in urlopen
    response = self._make_request(
        conn,
    ...<10 lines>...
        **response_kw,
    )
  File "/home/vini/coding/python/telegram-video-downloader-bot/.venv/lib/python3.14/site-packages/urllib3/connectionpool.py", line 536, in _make_request
    self._raise_timeout(err=e, url=url, timeout_value=read_timeout)
    ~~~~~~~~~~~~~~~~~~~^^^^^^^^^^^^^^^^^^^^^^^^^^^^^^^^^^^^^^^^^^^^
  File "/home/vini/coding/python/telegram-video-downloader-bot/.venv/lib/python3.14/site-packages/urllib3/connectionpool.py", line 367, in _raise_timeout
    raise ReadTimeoutError(
        self, url, f"Read timed out. (read timeout={timeout_value})"
    ) from err
urllib3.exceptions.ReadTimeoutError: HTTPConnectionPool(host='localhost', port=8081): Read timed out. (read timeout=30)

During handling of the above exception, another exception occurred:

Traceback (most recent call last):
  File "/home/vini/coding/python/telegram-video-downloader-bot/telegram_bot.py", line 917, in handle_callback
    send_download(
    ~~~~~~~~~~~~~^
        bot,
        ^^^^
    ...<4 lines>...
        selected_value=selected_value,
        ^^^^^^^^^^^^^^^^^^^^^^^^^^^^^^
    )
    ^
  File "/home/vini/coding/python/telegram-video-downloader-bot/telegram_bot.py", line 707, in send_download
    bot.send_video(chat_id, media_file, supports_streaming=True)
    ~~~~~~~~~~~~~~^^^^^^^^^^^^^^^^^^^^^^^^^^^^^^^^^^^^^^^^^^^^^^
  File "/home/vini/coding/python/telegram-video-downloader-bot/.venv/lib/python3.14/site-packages/telebot/__init__.py", line 2945, in send_video
    apihelper.send_video(
    ~~~~~~~~~~~~~~~~~~~~^
        self.token, chat_id, video,
        ^^^^^^^^^^^^^^^^^^^^^^^^^^^
    ...<4 lines>...
        reply_parameters=reply_parameters, business_connection_id=business_connection_id, message_effect_id=message_effect_id,
        ^^^^^^^^^^^^^^^^^^^^^^^^^^^^^^^^^^^^^^^^^^^^^^^^^^^^^^^^^^^^^^^^^^^^^^^^^^^^^^^^^^^^^^^^^^^^^^^^^^^^^^^^^^^^^^^^^^^^^^
        show_caption_above_media=show_caption_above_media, allow_paid_broadcast=allow_paid_broadcast)
        ^^^^^^^^^^^^^^^^^^^^^^^^^^^^^^^^^^^^^^^^^^^^^^^^^^^^^^^^^^^^^^^^^^^^^^^^^^^^^^^^^^^^^^^^^^^^^
  File "/home/vini/coding/python/telegram-video-downloader-bot/.venv/lib/python3.14/site-packages/telebot/apihelper.py", line 839, in send_video
    return _make_request(token, method_url, params=payload, files=files, method='post')
  File "/home/vini/coding/python/telegram-video-downloader-bot/.venv/lib/python3.14/site-packages/telebot/apihelper.py", line 162, in _make_request
    result = _get_req_session().request(
        method, request_url, params=params, files=files,
        timeout=(connect_timeout, read_timeout), proxies=proxy)
  File "/home/vini/coding/python/telegram-video-downloader-bot/.venv/lib/python3.14/site-packages/requests/sessions.py", line 589, in request
    resp = self.send(prep, **send_kwargs)
  File "/home/vini/coding/python/telegram-video-downloader-bot/.venv/lib/python3.14/site-packages/requests/sessions.py", line 703, in send
    r = adapter.send(request, **kwargs)
  File "/home/vini/coding/python/telegram-video-downloader-bot/.venv/lib/python3.14/site-packages/requests/adapters.py", line 713, in send
    raise ReadTimeout(e, request=request)
requests.exceptions.ReadTimeout: HTTPConnectionPool(host='localhost', port=8081): Read timed out. (read timeout=30)
2026-04-21 20:58:56,711 - __main__ - INFO - [message_received] chat_id=2110937953 text=https://youtu.be/FTCgrnqp96E
2026-04-21 20:59:00,497 - __main__ - INFO - [link_stored] chat_id=2110937953 url=https://youtu.be/FTCgrnqp96E kind=single items=1 mp3_size=tamanho incerto mp4_size=830.1 MB
2026-04-21 20:59:02,297 - __main__ - INFO - [callback_received] chat_id=2110937953 action=dl:mp4:625
2026-04-21 20:59:02,589 - __main__ - INFO - [download_started] chat_id=2110937953 format=mp4 url=https://youtu.be/FTCgrnqp96E
2026-04-21 20:59:02,589 - __main__ - INFO - [download_plan] chat_id=2110937953 format=mp4 estimated_size=830.1 MB quality=2160p
2026-04-21 20:59:07,828 - __main__ - INFO - [callback_received] chat_id=2110937953 action=dl:mp3:192
2026-04-21 20:59:07,831 - __main__ - INFO - [callback_ignored] chat_id=2110937953 reason=download_already_active
2026-04-21 21:02:24,352 - __main__ - INFO - [download_finished] chat_id=2110937953 format=mp4 title=M4rkim - DAVY D. JONES (Rocks D. Xebec) artist=M4rkim quality=3840x2160 file=M4rkim_-_DAVY_D._JONES_Rocks_D._Xebec.mp4 size_mb=660.96
2026-04-21 21:02:24,581 - __main__ - INFO - [upload_started] chat_id=2110937953 media_type=video file=M4rkim_-_DAVY_D._JONES_Rocks_D._Xebec.mp4
2026-04-21 21:02:25,020 - __main__ - ERROR - Falha de conexao durante upload para o Telegram no chat 2110937953
Traceback (most recent call last):
  File "/home/vini/coding/python/telegram-video-downloader-bot/.venv/lib/python3.14/site-packages/urllib3/connection.py", line 198, in _new_conn
    sock = connection.create_connection(
        (self._dns_host, self.port),
    ...<2 lines>...
        socket_options=self.socket_options,
    )
  File "/home/vini/coding/python/telegram-video-downloader-bot/.venv/lib/python3.14/site-packages/urllib3/util/connection.py", line 85, in create_connection
    raise err
  File "/home/vini/coding/python/telegram-video-downloader-bot/.venv/lib/python3.14/site-packages/urllib3/util/connection.py", line 73, in create_connection
    sock.connect(sa)
    ~~~~~~~~~~~~^^^^
ConnectionRefusedError: [Errno 111] Connection refused

The above exception was the direct cause of the following exception:

Traceback (most recent call last):
  File "/home/vini/coding/python/telegram-video-downloader-bot/.venv/lib/python3.14/site-packages/urllib3/connectionpool.py", line 787, in urlopen
    response = self._make_request(
        conn,
    ...<10 lines>...
        **response_kw,
    )
  File "/home/vini/coding/python/telegram-video-downloader-bot/.venv/lib/python3.14/site-packages/urllib3/connectionpool.py", line 493, in _make_request
    conn.request(
    ~~~~~~~~~~~~^
        method,
        ^^^^^^^
    ...<6 lines>...
        enforce_content_length=enforce_content_length,
        ^^^^^^^^^^^^^^^^^^^^^^^^^^^^^^^^^^^^^^^^^^^^^^
    )
    ^
  File "/home/vini/coding/python/telegram-video-downloader-bot/.venv/lib/python3.14/site-packages/urllib3/connection.py", line 445, in request
    self.endheaders()
    ~~~~~~~~~~~~~~~^^
  File "/usr/lib/python3.14/http/client.py", line 1353, in endheaders
    self._send_output(message_body, encode_chunked=encode_chunked)
    ~~~~~~~~~~~~~~~~~^^^^^^^^^^^^^^^^^^^^^^^^^^^^^^^^^^^^^^^^^^^^^
  File "/usr/lib/python3.14/http/client.py", line 1113, in _send_output
    self.send(msg)
    ~~~~~~~~~^^^^^
  File "/usr/lib/python3.14/http/client.py", line 1057, in send
    self.connect()
    ~~~~~~~~~~~~^^
  File "/home/vini/coding/python/telegram-video-downloader-bot/.venv/lib/python3.14/site-packages/urllib3/connection.py", line 276, in connect
    self.sock = self._new_conn()
                ~~~~~~~~~~~~~~^^
  File "/home/vini/coding/python/telegram-video-downloader-bot/.venv/lib/python3.14/site-packages/urllib3/connection.py", line 213, in _new_conn
    raise NewConnectionError(
        self, f"Failed to establish a new connection: {e}"
    ) from e
urllib3.exceptions.NewConnectionError: <urllib3.connection.HTTPConnection object at 0x7f953aff4640>: Failed to establish a new connection: [Errno 111] Connection refused

The above exception was the direct cause of the following exception:

Traceback (most recent call last):
  File "/home/vini/coding/python/telegram-video-downloader-bot/.venv/lib/python3.14/site-packages/requests/adapters.py", line 667, in send
    resp = conn.urlopen(
        method=request.method,
    ...<9 lines>...
        chunked=chunked,
    )
  File "/home/vini/coding/python/telegram-video-downloader-bot/.venv/lib/python3.14/site-packages/urllib3/connectionpool.py", line 841, in urlopen
    retries = retries.increment(
        method, url, error=new_e, _pool=self, _stacktrace=sys.exc_info()[2]
    )
  File "/home/vini/coding/python/telegram-video-downloader-bot/.venv/lib/python3.14/site-packages/urllib3/util/retry.py", line 519, in increment
    raise MaxRetryError(_pool, url, reason) from reason  # type: ignore[arg-type]
    ^^^^^^^^^^^^^^^^^^^^^^^^^^^^^^^^^^^^^^^^^^^^^^^^^^^
urllib3.exceptions.MaxRetryError: HTTPConnectionPool(host='localhost', port=8081): Max retries exceeded with url: /bot8117827875:AAGfMOlsB84JX74de1I-jODCDOFS0QSeOT8/sendVideo?chat_id=2110937953&supports_streaming=True (Caused by NewConnectionError('<urllib3.connection.HTTPConnection object at 0x7f953aff4640>: Failed to establish a new connection: [Errno 111] Connection refused'))

During handling of the above exception, another exception occurred:

Traceback (most recent call last):
  File "/home/vini/coding/python/telegram-video-downloader-bot/telegram_bot.py", line 917, in handle_callback
    send_download(
    ~~~~~~~~~~~~~^
        bot,
        ^^^^
    ...<4 lines>...
        selected_value=selected_value,
        ^^^^^^^^^^^^^^^^^^^^^^^^^^^^^^
    )
    ^
  File "/home/vini/coding/python/telegram-video-downloader-bot/telegram_bot.py", line 707, in send_download
    bot.send_video(chat_id, media_file, supports_streaming=True)
    ~~~~~~~~~~~~~~^^^^^^^^^^^^^^^^^^^^^^^^^^^^^^^^^^^^^^^^^^^^^^
  File "/home/vini/coding/python/telegram-video-downloader-bot/.venv/lib/python3.14/site-packages/telebot/__init__.py", line 2945, in send_video
    apihelper.send_video(
    ~~~~~~~~~~~~~~~~~~~~^
        self.token, chat_id, video,
        ^^^^^^^^^^^^^^^^^^^^^^^^^^^
    ...<4 lines>...
        reply_parameters=reply_parameters, business_connection_id=business_connection_id, message_effect_id=message_effect_id,
        ^^^^^^^^^^^^^^^^^^^^^^^^^^^^^^^^^^^^^^^^^^^^^^^^^^^^^^^^^^^^^^^^^^^^^^^^^^^^^^^^^^^^^^^^^^^^^^^^^^^^^^^^^^^^^^^^^^^^^^
        show_caption_above_media=show_caption_above_media, allow_paid_broadcast=allow_paid_broadcast)
        ^^^^^^^^^^^^^^^^^^^^^^^^^^^^^^^^^^^^^^^^^^^^^^^^^^^^^^^^^^^^^^^^^^^^^^^^^^^^^^^^^^^^^^^^^^^^^
  File "/home/vini/coding/python/telegram-video-downloader-bot/.venv/lib/python3.14/site-packages/telebot/apihelper.py", line 839, in send_video
    return _make_request(token, method_url, params=payload, files=files, method='post')
  File "/home/vini/coding/python/telegram-video-downloader-bot/.venv/lib/python3.14/site-packages/telebot/apihelper.py", line 162, in _make_request
    result = _get_req_session().request(
        method, request_url, params=params, files=files,
        timeout=(connect_timeout, read_timeout), proxies=proxy)
  File "/home/vini/coding/python/telegram-video-downloader-bot/.venv/lib/python3.14/site-packages/requests/sessions.py", line 589, in request
    resp = self.send(prep, **send_kwargs)
  File "/home/vini/coding/python/telegram-video-downloader-bot/.venv/lib/python3.14/site-packages/requests/sessions.py", line 703, in send
    r = adapter.send(request, **kwargs)
  File "/home/vini/coding/python/telegram-video-downloader-bot/.venv/lib/python3.14/site-packages/requests/adapters.py", line 700, in send
    raise ConnectionError(e, request=request)
requests.exceptions.ConnectionError: HTTPConnectionPool(host='localhost', port=8081): Max retries exceeded with url: /bot8117827875:AAGfMOlsB84JX74de1I-jODCDOFS0QSeOT8/sendVideo?chat_id=2110937953&supports_streaming=True (Caused by NewConnectionError('<urllib3.connection.HTTPConnection object at 0x7f953aff4640>: Failed to establish a new connection: [Errno 111] Connection refused'))
